Performing C SOURCE FILE Test FLAG_SUPPORTED_Wcomma failed with the following output:
Change Dir: /home/jeff/lenguajes/proyecto-1/build/CMakeFiles/CMakeTmp

Run Build Command(s):/usr/bin/gmake -f Makefile cmTC_05357/fast && /usr/bin/gmake  -f CMakeFiles/cmTC_05357.dir/build.make CMakeFiles/cmTC_05357.dir/build
gmake[1]: Entering directory '/home/jeff/lenguajes/proyecto-1/build/CMakeFiles/CMakeTmp'
Building C object CMakeFiles/cmTC_05357.dir/src.c.o
/usr/bin/cc -DFLAG_SUPPORTED_Wcomma  -std=c89 -pedantic -Wall -Wextra -Werror -Wstrict-prototypes -Wwrite-strings -Wshadow -Winit-self -Wcast-align -Wformat=2 -Wmissing-prototypes -Wstrict-overflow=2 -Wcast-qual -Wundef -Wswitch-default -Wconversion -Wc++-compat -fstack-protector-strong    -Wcomma -o CMakeFiles/cmTC_05357.dir/src.c.o -c /home/jeff/lenguajes/proyecto-1/build/CMakeFiles/CMakeTmp/src.c
cc: error: unrecognized command-line option '-Wcomma'; did you mean '-Wcomment'?
gmake[1]: *** [CMakeFiles/cmTC_05357.dir/build.make:78: CMakeFiles/cmTC_05357.dir/src.c.o] Error 1
gmake[1]: Leaving directory '/home/jeff/lenguajes/proyecto-1/build/CMakeFiles/CMakeTmp'
gmake: *** [Makefile:127: cmTC_05357/fast] Error 2


Source file was:
int main(void) { return 0; }
Performing C SOURCE FILE Test FLAG_SUPPORTED_Wmissingvariabledeclarations failed with the following output:
Change Dir: /home/jeff/lenguajes/proyecto-1/build/CMakeFiles/CMakeTmp

Run Build Command(s):/usr/bin/gmake -f Makefile cmTC_b4343/fast && /usr/bin/gmake  -f CMakeFiles/cmTC_b4343.dir/build.make CMakeFiles/cmTC_b4343.dir/build
gmake[1]: Entering directory '/home/jeff/lenguajes/proyecto-1/build/CMakeFiles/CMakeTmp'
Building C object CMakeFiles/cmTC_b4343.dir/src.c.o
/usr/bin/cc -DFLAG_SUPPORTED_Wmissingvariabledeclarations  -std=c89 -pedantic -Wall -Wextra -Werror -Wstrict-prototypes -Wwrite-strings -Wshadow -Winit-self -Wcast-align -Wformat=2 -Wmissing-prototypes -Wstrict-overflow=2 -Wcast-qual -Wundef -Wswitch-default -Wconversion -Wc++-compat -fstack-protector-strong -Wdouble-promotion -Wparentheses -Wformat-overflow -Wunused-macros    -Wmissing-variable-declarations -o CMakeFiles/cmTC_b4343.dir/src.c.o -c /home/jeff/lenguajes/proyecto-1/build/CMakeFiles/CMakeTmp/src.c
cc: error: unrecognized command-line option '-Wmissing-variable-declarations'; did you mean '-Wmissing-declarations'?
gmake[1]: *** [CMakeFiles/cmTC_b4343.dir/build.make:78: CMakeFiles/cmTC_b4343.dir/src.c.o] Error 1
gmake[1]: Leaving directory '/home/jeff/lenguajes/proyecto-1/build/CMakeFiles/CMakeTmp'
gmake: *** [Makefile:127: cmTC_b4343/fast] Error 2


Source file was:
int main(void) { return 0; }
Performing C SOURCE FILE Test FLAG_SUPPORTED_Wusedbutmarkedunused failed with the following output:
Change Dir: /home/jeff/lenguajes/proyecto-1/build/CMakeFiles/CMakeTmp

Run Build Command(s):/usr/bin/gmake -f Makefile cmTC_8be9d/fast && /usr/bin/gmake  -f CMakeFiles/cmTC_8be9d.dir/build.make CMakeFiles/cmTC_8be9d.dir/build
gmake[1]: Entering directory '/home/jeff/lenguajes/proyecto-1/build/CMakeFiles/CMakeTmp'
Building C object CMakeFiles/cmTC_8be9d.dir/src.c.o
/usr/bin/cc -DFLAG_SUPPORTED_Wusedbutmarkedunused  -std=c89 -pedantic -Wall -Wextra -Werror -Wstrict-prototypes -Wwrite-strings -Wshadow -Winit-self -Wcast-align -Wformat=2 -Wmissing-prototypes -Wstrict-overflow=2 -Wcast-qual -Wundef -Wswitch-default -Wconversion -Wc++-compat -fstack-protector-strong -Wdouble-promotion -Wparentheses -Wformat-overflow -Wunused-macros    -Wused-but-marked-unused -o CMakeFiles/cmTC_8be9d.dir/src.c.o -c /home/jeff/lenguajes/proyecto-1/build/CMakeFiles/CMakeTmp/src.c
cc: error: unrecognized command-line option '-Wused-but-marked-unused'
gmake[1]: *** [CMakeFiles/cmTC_8be9d.dir/build.make:78: CMakeFiles/cmTC_8be9d.dir/src.c.o] Error 1
gmake[1]: Leaving directory '/home/jeff/lenguajes/proyecto-1/build/CMakeFiles/CMakeTmp'
gmake: *** [Makefile:127: cmTC_8be9d/fast] Error 2


Source file was:
int main(void) { return 0; }
